# JRE version: OpenJDK Runtime Environment (21.0.10) (build 21.0.10+-14961533-b1163.108)
# Java VM: OpenJDK 64-Bit Server VM (21.0.10+-14961533-b1163.108, mixed mode, tiered, compressed oops, compressed class ptrs, g1 gc, windows-amd64)
GC Precious Log:
 CardTable entry size: 512
 Card Set container configuration: InlinePtr #cards 5 size 8 Array Of Cards #cards 12 size 40 Howl #buckets 4 coarsen threshold 1843 Howl Bitmap #cards 512 size 80 coarsen threshold 460 Card regions per heap region 1 cards per card region 2048
 CPUs: 4 total, 4 available
 Memory: 3911M
 Large Page Support: Disabled
 NUMA Support: Disabled
 Compressed Oops: Enabled (32-bit)
 Heap Region Size: 1M
 Heap Min Capacity: 8M
 Heap Initial Capacity: 62M
 Heap Max Capacity: 978M
 Pre-touch: Disabled
 Parallel Workers: 4
 Concurrent Workers: 1
 Concurrent Refinement Workers: 4
 Periodic GC: Disabled
Heap:
 garbage-first heap   total 57344K, used 41665K [0x00000000c2e00000, 0x0000000100000000)
  region size 1024K, 18 young (18432K), 1 survivors (1024K)
 Metaspace       used 39240K, committed 39488K, reserved 1114112K
  class space    used 4806K, committed 4928K, reserved 1048576K
GC Heap History (18 events):
Event: 2.471 GC heap before
{Heap before GC invocations=0 (full 0):
 garbage-first heap   total 63488K, used 16384K [0x00000000c2e00000, 0x0000000100000000)
  region size 1024K, 13 young (13312K), 0 survivors (0K)
 Metaspace       used 12083K, committed 12224K, reserved 1114112K
  class space    used 1081K, committed 1152K, reserved 1048576K
}
Event: 2.482 GC heap after
{Heap after GC invocations=1 (full 0):
 garbage-first heap   total 63488K, used 5588K [0x00000000c2e00000, 0x0000000100000000)
  region size 1024K, 2 young (2048K), 2 survivors (2048K)
 Metaspace       used 12083K, committed 12224K, reserved 1114112K
  class space    used 1081K, committed 1152K, reserved 1048576K
}
Event: 3.453 GC heap before
{Heap before GC invocations=1 (full 0):
 garbage-first heap   total 63488K, used 22996K [0x00000000c2e00000, 0x0000000100000000)
  region size 1024K, 20 young (20480K), 2 survivors (2048K)
 Metaspace       used 16638K, committed 16768K, reserved 1114112K
  class space    used 1703K, committed 1792K, reserved 1048576K
}
Event: 3.463 GC heap after
{Heap after GC invocations=2 (full 0):
 garbage-first heap   total 63488K, used 7205K [0x00000000c2e00000, 0x0000000100000000)
  region size 1024K, 2 young (2048K), 2 survivors (2048K)
 Metaspace       used 16638K, committed 16768K, reserved 1114112K
  class space    used 1703K, committed 1792K, reserved 1048576K
}
Event: 4.244 GC heap before
{Heap before GC invocations=2 (full 0):
 garbage-first heap   total 63488K, used 20517K [0x00000000c2e00000, 0x0000000100000000)
  region size 1024K, 16 young (16384K), 2 survivors (2048K)
 Metaspace       used 21376K, committed 21504K, reserved 1114112K
  class space    used 2296K, committed 2368K, reserved 1048576K
}
Event: 4.251 GC heap after
{Heap after GC invocations=3 (full 0):
 garbage-first heap   total 63488K, used 7853K [0x00000000c2e00000, 0x0000000100000000)
  region size 1024K, 3 young (3072K), 3 survivors (3072K)
 Metaspace       used 21376K, committed 21504K, reserved 1114112K
  class space    used 2296K, committed 2368K, reserved 1048576K
}
Event: 5.069 GC heap before
{Heap before GC invocations=4 (full 0):
 garbage-first heap   total 30720K, used 29357K [0x00000000c2e00000, 0x0000000100000000)
  region size 1024K, 24 young (24576K), 3 survivors (3072K)
 Metaspace       used 26105K, committed 26304K, reserved 1114112K
  class space    used 2882K, committed 2944K, reserved 1048576K
}
Event: 5.086 GC heap after
{Heap after GC invocations=5 (full 0):
 garbage-first heap   total 36864K, used 11668K [0x00000000c2e00000, 0x0000000100000000)
  region size 1024K, 5 young (5120K), 5 survivors (5120K)
 Metaspace       used 26105K, committed 26304K, reserved 1114112K
  class space    used 2882K, committed 2944K, reserved 1048576K
}
Event: 5.335 GC heap before
{Heap before GC invocations=5 (full 0):
 garbage-first heap   total 36864K, used 28052K [0x00000000c2e00000, 0x0000000100000000)
  region size 1024K, 21 young (21504K), 5 survivors (5120K)
 Metaspace       used 26386K, committed 26688K, reserved 1114112K
  class space    used 2915K, committed 3072K, reserved 1048576K
}
Event: 5.364 GC heap after
{Heap after GC invocations=6 (full 0):
 garbage-first heap   total 40960K, used 18432K [0x00000000c2e00000, 0x0000000100000000)
  region size 1024K, 3 young (3072K), 3 survivors (3072K)
 Metaspace       used 26386K, committed 26688K, reserved 1114112K
  class space    used 2915K, committed 3072K, reserved 1048576K
}
Event: 5.960 GC heap before
{Heap before GC invocations=6 (full 0):
 garbage-first heap   total 40960K, used 30720K [0x00000000c2e00000, 0x0000000100000000)
  region size 1024K, 15 young (15360K), 3 survivors (3072K)
 Metaspace       used 28690K, committed 28992K, reserved 1114112K
  class space    used 3152K, committed 3264K, reserved 1048576K
}
Event: 5.971 GC heap after
{Heap after GC invocations=7 (full 0):
 garbage-first heap   total 40960K, used 20129K [0x00000000c2e00000, 0x0000000100000000)
  region size 1024K, 2 young (2048K), 2 survivors (2048K)
 Metaspace       used 28690K, committed 28992K, reserved 1114112K
  class space    used 3152K, committed 3264K, reserved 1048576K
}
Event: 6.267 GC heap before
{Heap before GC invocations=7 (full 0):
 garbage-first heap   total 40960K, used 30369K [0x00000000c2e00000, 0x0000000100000000)
  region size 1024K, 13 young (13312K), 2 survivors (2048K)
 Metaspace       used 29969K, committed 30208K, reserved 1114112K
  class space    used 3275K, committed 3392K, reserved 1048576K
}
Event: 6.274 GC heap after
{Heap after GC invocations=8 (full 0):
 garbage-first heap   total 57344K, used 21272K [0x00000000c2e00000, 0x0000000100000000)
  region size 1024K, 2 young (2048K), 2 survivors (2048K)
 Metaspace       used 29969K, committed 30208K, reserved 1114112K
  class space    used 3275K, committed 3392K, reserved 1048576K
}
Event: 7.250 GC heap before
{Heap before GC invocations=8 (full 0):
 garbage-first heap   total 57344K, used 42776K [0x00000000c2e00000, 0x0000000100000000)
  region size 1024K, 24 young (24576K), 2 survivors (2048K)
 Metaspace       used 35271K, committed 35584K, reserved 1114112K
  class space    used 4361K, committed 4480K, reserved 1048576K
}
Event: 7.263 GC heap after
{Heap after GC invocations=9 (full 0):
 garbage-first heap   total 57344K, used 25006K [0x00000000c2e00000, 0x0000000100000000)
  region size 1024K, 3 young (3072K), 3 survivors (3072K)
 Metaspace       used 35271K, committed 35584K, reserved 1114112K
  class space    used 4361K, committed 4480K, reserved 1048576K
}
Event: 7.370 GC heap before
{Heap before GC invocations=9 (full 0):
 garbage-first heap   total 57344K, used 28078K [0x00000000c2e00000, 0x0000000100000000)
  region size 1024K, 7 young (7168K), 3 survivors (3072K)
 Metaspace       used 35849K, committed 36096K, reserved 1114112K
  class space    used 4425K, committed 4544K, reserved 1048576K
}
Event: 7.379 GC heap after
{Heap after GC invocations=10 (full 0):
 garbage-first heap   total 57344K, used 26305K [0x00000000c2e00000, 0x0000000100000000)
  region size 1024K, 1 young (1024K), 1 survivors (1024K)
 Metaspace       used 35849K, committed 36096K, reserved 1114112K
  class space    used 4425K, committed 4544K, reserved 1048576K
}

